<?xml version="1.0" encoding="UTF-8"?>
<!-- Generated by org.testng.reporters.JUnitXMLReporter -->
<testsuite hostname="john-PC" ignored="0" name="Chromebrowsertest" tests="4" failures="0" timestamp="10 Aug 2020 16:11:50 GMT" time="37.033" errors="0">
  <testcase name="validatelogin" time="11.093" classname="aug10.CrossBrowser"/>
  <testcase name="validatelogin" time="5.591" classname="aug10.CrossBrowser"/>
  <testcase name="validatelogin" time="6.339" classname="aug10.CrossBrowser"/>
  <testcase name="validatelogin" time="5.678" classname="aug10.CrossBrowser"/>
</testsuite> <!-- Chromebrowsertest -->
