<?xml version="1.0" encoding="UTF-8"?>
<!-- Generated by org.testng.reporters.JUnitXMLReporter -->
<testsuite hostname="john-PC" ignored="0" name="firefoxbrowsertest" tests="4" failures="0" timestamp="10 Aug 2020 16:12:31 GMT" time="40.655" errors="0">
  <testcase name="validatelogin" time="10.227" classname="aug10.CrossBrowser"/>
  <testcase name="validatelogin" time="5.532" classname="aug10.CrossBrowser"/>
  <testcase name="validatelogin" time="6.087" classname="aug10.CrossBrowser"/>
  <testcase name="validatelogin" time="5.946" classname="aug10.CrossBrowser"/>
</testsuite> <!-- firefoxbrowsertest -->
